# JRE version: Java(TM) SE Runtime Environment (8.0_121-b13) (build 1.8.0_121-b13)
# Java VM: Java HotSpot(TM) 64-Bit Server VM (25.121-b13 mixed mode linux-amd64 compressed oops)
Heap:
 PSYoungGen      total 13312K, used 13060K [0x000000076c980000, 0x000000076dc00000, 0x00000007c0000000)
  eden space 10240K, 100% used [0x000000076c980000,0x000000076d380000,0x000000076d380000)
  from space 3072K, 91% used [0x000000076d900000,0x000000076dbc1128,0x000000076dc00000)
  to   space 4096K, 99% used [0x000000076d400000,0x000000076d7fac78,0x000000076d800000)
 ParOldGen       total 10752K, used 5214K [0x00000006c5c00000, 0x00000006c6680000, 0x000000076c980000)
  object space 10752K, 48% used [0x00000006c5c00000,0x00000006c6117958,0x00000006c6680000)
 Metaspace       used 8083K, capacity 8692K, committed 8960K, reserved 1056768K
  class space    used 968K, capacity 1008K, committed 1024K, reserved 1048576K
GC Heap History (10 events):
Event: 0.214 GC heap after
Heap after GC invocations=3 (full 0):
 PSYoungGen      total 3584K, used 480K [0x000000076c980000, 0x000000076d080000, 0x00000007c0000000)
  eden space 3072K, 0% used [0x000000076c980000,0x000000076c980000,0x000000076cc80000)
  from space 512K, 93% used [0x000000076cc80000,0x000000076ccf8010,0x000000076cd00000)
  to   space 512K, 0% used [0x000000076d000000,0x000000076d000000,0x000000076d080000)
 ParOldGen       total 5632K, used 600K [0x00000006c5c00000, 0x00000006c6180000, 0x000000076c980000)
  object space 5632K, 10% used [0x00000006c5c00000,0x00000006c5c96060,0x00000006c6180000)
 Metaspace       used 5079K, capacity 6348K, committed 6656K, reserved 1056768K
  class space    used 616K, capacity 648K, committed 768K, reserved 1048576K
}
Event: 0.256 GC heap before
{Heap before GC invocations=4 (full 0):
 PSYoungGen      total 3584K, used 3528K [0x000000076c980000, 0x000000076d080000, 0x00000007c0000000)
  eden space 3072K, 99% used [0x000000076c980000,0x000000076cc7a060,0x000000076cc80000)
  from space 512K, 93% used [0x000000076cc80000,0x000000076ccf8010,0x000000076cd00000)
  to   space 512K, 0% used [0x000000076d000000,0x000000076d000000,0x000000076d080000)
 ParOldGen       total 5632K, used 600K [0x00000006c5c00000, 0x00000006c6180000, 0x000000076c980000)
  object space 5632K, 10% used [0x00000006c5c00000,0x00000006c5c96060,0x00000006c6180000)
 Metaspace       used 6189K, capacity 7372K, committed 7552K, reserved 1056768K
  class space    used 765K, capacity 776K, committed 896K, reserved 1048576K
Event: 0.260 GC heap after
Heap after GC invocations=4 (full 0):
 PSYoungGen      total 6656K, used 496K [0x000000076c980000, 0x000000076d080000, 0x00000007c0000000)
  eden space 6144K, 0% used [0x000000076c980000,0x000000076c980000,0x000000076cf80000)
  from space 512K, 96% used [0x000000076d000000,0x000000076d07c020,0x000000076d080000)
  to   space 512K, 0% used [0x000000076cf80000,0x000000076cf80000,0x000000076d000000)
 ParOldGen       total 5632K, used 973K [0x00000006c5c00000, 0x00000006c6180000, 0x000000076c980000)
  object space 5632K, 17% used [0x00000006c5c00000,0x00000006c5cf3560,0x00000006c6180000)
 Metaspace       used 6189K, capacity 7372K, committed 7552K, reserved 1056768K
  class space    used 765K, capacity 776K, committed 896K, reserved 1048576K
}
Event: 0.320 GC heap before
{Heap before GC invocations=5 (full 0):
 PSYoungGen      total 6656K, used 6640K [0x000000076c980000, 0x000000076d080000, 0x00000007c0000000)
  eden space 6144K, 100% used [0x000000076c980000,0x000000076cf80000,0x000000076cf80000)
  from space 512K, 96% used [0x000000076d000000,0x000000076d07c020,0x000000076d080000)
  to   space 512K, 0% used [0x000000076cf80000,0x000000076cf80000,0x000000076d000000)
 ParOldGen       total 5632K, used 973K [0x00000006c5c00000, 0x00000006c6180000, 0x000000076c980000)
  object space 5632K, 17% used [0x00000006c5c00000,0x00000006c5cf3560,0x00000006c6180000)
 Metaspace       used 7229K, capacity 8148K, committed 8448K, reserved 1056768K
  class space    used 876K, capacity 912K, committed 1024K, reserved 1048576K
Event: 0.323 GC heap after
Heap after GC invocations=5 (full 0):
 PSYoungGen      total 6656K, used 496K [0x000000076c980000, 0x000000076dc80000, 0x00000007c0000000)
  eden space 6144K, 0% used [0x000000076c980000,0x000000076c980000,0x000000076cf80000)
  from space 512K, 96% used [0x000000076cf80000,0x000000076cffc020,0x000000076d000000)
  to   space 3584K, 0% used [0x000000076d900000,0x000000076d900000,0x000000076dc80000)
 ParOldGen       total 5632K, used 4887K [0x00000006c5c00000, 0x00000006c6180000, 0x000000076c980000)
  object space 5632K, 86% used [0x00000006c5c00000,0x00000006c60c5f78,0x00000006c6180000)
 Metaspace       used 7229K, capacity 8148K, committed 8448K, reserved 1056768K
  class space    used 876K, capacity 912K, committed 1024K, reserved 1048576K
}
Event: 0.323 GC heap before
{Heap before GC invocations=6 (full 1):
 PSYoungGen      total 6656K, used 496K [0x000000076c980000, 0x000000076dc80000, 0x00000007c0000000)
  eden space 6144K, 0% used [0x000000076c980000,0x000000076c980000,0x000000076cf80000)
  from space 512K, 96% used [0x000000076cf80000,0x000000076cffc020,0x000000076d000000)
  to   space 3584K, 0% used [0x000000076d900000,0x000000076d900000,0x000000076dc80000)
 ParOldGen       total 5632K, used 4887K [0x00000006c5c00000, 0x00000006c6180000, 0x000000076c980000)
  object space 5632K, 86% used [0x00000006c5c00000,0x00000006c60c5f78,0x00000006c6180000)
 Metaspace       used 7229K, capacity 8148K, committed 8448K, reserved 1056768K
  class space    used 876K, capacity 912K, committed 1024K, reserved 1048576K
Event: 0.344 GC heap after
Heap after GC invocations=6 (full 1):
 PSYoungGen      total 6656K, used 0K [0x000000076c980000, 0x000000076dc80000, 0x00000007c0000000)
  eden space 6144K, 0% used [0x000000076c980000,0x000000076c980000,0x000000076cf80000)
  from space 512K, 0% used [0x000000076cf80000,0x000000076cf80000,0x000000076d000000)
  to   space 3584K, 0% used [0x000000076d900000,0x000000076d900000,0x000000076dc80000)
 ParOldGen       total 10752K, used 5190K [0x00000006c5c00000, 0x00000006c6680000, 0x000000076c980000)
  object space 10752K, 48% used [0x00000006c5c00000,0x00000006c6111958,0x00000006c6680000)
 Metaspace       used 7229K, capacity 8148K, committed 8448K, reserved 1056768K
  class space    used 876K, capacity 912K, committed 1024K, reserved 1048576K
}
Event: 0.377 GC heap before
{Heap before GC invocations=7 (full 1):
 PSYoungGen      total 6656K, used 6144K [0x000000076c980000, 0x000000076dc80000, 0x00000007c0000000)
  eden space 6144K, 100% used [0x000000076c980000,0x000000076cf80000,0x000000076cf80000)
  from space 512K, 0% used [0x000000076cf80000,0x000000076cf80000,0x000000076d000000)
  to   space 3584K, 0% used [0x000000076d900000,0x000000076d900000,0x000000076dc80000)
 ParOldGen       total 10752K, used 5190K [0x00000006c5c00000, 0x00000006c6680000, 0x000000076c980000)
  object space 10752K, 48% used [0x00000006c5c00000,0x00000006c6111958,0x00000006c6680000)
 Metaspace       used 7342K, capacity 8244K, committed 8448K, reserved 1056768K
  class space    used 884K, capacity 944K, committed 1024K, reserved 1048576K
Event: 0.386 GC heap after
Heap after GC invocations=7 (full 1):
 PSYoungGen      total 13312K, used 2820K [0x000000076c980000, 0x000000076dc00000, 0x00000007c0000000)
  eden space 10240K, 0% used [0x000000076c980000,0x000000076c980000,0x000000076d380000)
  from space 3072K, 91% used [0x000000076d900000,0x000000076dbc1128,0x000000076dc00000)
  to   space 4096K, 0% used [0x000000076d400000,0x000000076d400000,0x000000076d800000)
 ParOldGen       total 10752K, used 5198K [0x00000006c5c00000, 0x00000006c6680000, 0x000000076c980000)
  object space 10752K, 48% used [0x00000006c5c00000,0x00000006c6113958,0x00000006c6680000)
 Metaspace       used 7342K, capacity 8244K, committed 8448K, reserved 1056768K
  class space    used 884K, capacity 944K, committed 1024K, reserved 1048576K
}
Event: 0.445 GC heap before
{Heap before GC invocations=8 (full 1):
 PSYoungGen      total 13312K, used 13060K [0x000000076c980000, 0x000000076dc00000, 0x00000007c0000000)
  eden space 10240K, 100% used [0x000000076c980000,0x000000076d380000,0x000000076d380000)
  from space 3072K, 91% used [0x000000076d900000,0x000000076dbc1128,0x000000076dc00000)
  to   space 4096K, 0% used [0x000000076d400000,0x000000076d400000,0x000000076d800000)
 ParOldGen       total 10752K, used 5198K [0x00000006c5c00000, 0x00000006c6680000, 0x000000076c980000)
  object space 10752K, 48% used [0x00000006c5c00000,0x00000006c6113958,0x00000006c6680000)
 Metaspace       used 8083K, capacity 8692K, committed 8960K, reserved 1056768K
  class space    used 968K, capacity 1008K, committed 1024K, reserved 1048576K

