# JRE version: Java(TM) SE Runtime Environment (8.0_121-b13) (build 1.8.0_121-b13)
# Java VM: Java HotSpot(TM) 64-Bit Server VM (25.121-b13 mixed mode linux-amd64 compressed oops)
Heap:
 PSYoungGen      total 6656K, used 496K [0x000000076c980000, 0x000000076dc80000, 0x00000007c0000000)
  eden space 6144K, 0% used [0x000000076c980000,0x000000076c980000,0x000000076cf80000)
  from space 512K, 96% used [0x000000076cf80000,0x000000076cffc020,0x000000076d000000)
  to   space 3584K, 0% used [0x000000076d900000,0x000000076d900000,0x000000076dc80000)
 ParOldGen       total 5632K, used 4866K [0x00000006c5c00000, 0x00000006c6180000, 0x000000076c980000)
  object space 5632K, 86% used [0x00000006c5c00000,0x00000006c60c0ab8,0x00000006c6180000)
 Metaspace       used 7222K, capacity 8148K, committed 8448K, reserved 1056768K
  class space    used 876K, capacity 912K, committed 1024K, reserved 1048576K
GC Heap History (10 events):
Event: 0.144 GC heap after
Heap after GC invocations=1 (full 0):
 PSYoungGen      total 2048K, used 512K [0x000000076c980000, 0x000000076cd80000, 0x00000007c0000000)
  eden space 1536K, 0% used [0x000000076c980000,0x000000076c980000,0x000000076cb00000)
  from space 512K, 100% used [0x000000076cb00000,0x000000076cb80000,0x000000076cb80000)
  to   space 512K, 0% used [0x000000076cd00000,0x000000076cd00000,0x000000076cd80000)
 ParOldGen       total 5632K, used 40K [0x00000006c5c00000, 0x00000006c6180000, 0x000000076c980000)
  object space 5632K, 0% used [0x00000006c5c00000,0x00000006c5c0a010,0x00000006c6180000)
 Metaspace       used 3374K, capacity 4812K, committed 5120K, reserved 1056768K
  class space    used 390K, capacity 456K, committed 512K, reserved 1048576K
}
Event: 0.171 GC heap before
{Heap before GC invocations=2 (full 0):
 PSYoungGen      total 2048K, used 1936K [0x000000076c980000, 0x000000076cd80000, 0x00000007c0000000)
  eden space 1536K, 92% used [0x000000076c980000,0x000000076cae42a8,0x000000076cb00000)
  from space 512K, 100% used [0x000000076cb00000,0x000000076cb80000,0x000000076cb80000)
  to   space 512K, 0% used [0x000000076cd00000,0x000000076cd00000,0x000000076cd80000)
 ParOldGen       total 5632K, used 40K [0x00000006c5c00000, 0x00000006c6180000, 0x000000076c980000)
  object space 5632K, 0% used [0x00000006c5c00000,0x00000006c5c0a010,0x00000006c6180000)
 Metaspace       used 3988K, capacity 5324K, committed 5504K, reserved 1056768K
  class space    used 473K, capacity 520K, committed 640K, reserved 1048576K
Event: 0.173 GC heap after
Heap after GC invocations=2 (full 0):
 PSYoungGen      total 3584K, used 496K [0x000000076c980000, 0x000000076cd80000, 0x00000007c0000000)
  eden space 3072K, 0% used [0x000000076c980000,0x000000076c980000,0x000000076cc80000)
  from space 512K, 96% used [0x000000076cd00000,0x000000076cd7c020,0x000000076cd80000)
  to   space 512K, 0% used [0x000000076cc80000,0x000000076cc80000,0x000000076cd00000)
 ParOldGen       total 5632K, used 204K [0x00000006c5c00000, 0x00000006c6180000, 0x000000076c980000)
  object space 5632K, 3% used [0x00000006c5c00000,0x00000006c5c33020,0x00000006c6180000)
 Metaspace       used 3988K, capacity 5324K, committed 5504K, reserved 1056768K
  class space    used 473K, capacity 520K, committed 640K, reserved 1048576K
}
Event: 0.223 GC heap before
{Heap before GC invocations=3 (full 0):
 PSYoungGen      total 3584K, used 3568K [0x000000076c980000, 0x000000076cd80000, 0x00000007c0000000)
  eden space 3072K, 100% used [0x000000076c980000,0x000000076cc80000,0x000000076cc80000)
  from space 512K, 96% used [0x000000076cd00000,0x000000076cd7c020,0x000000076cd80000)
  to   space 512K, 0% used [0x000000076cc80000,0x000000076cc80000,0x000000076cd00000)
 ParOldGen       total 5632K, used 204K [0x00000006c5c00000, 0x00000006c6180000, 0x000000076c980000)
  object space 5632K, 3% used [0x00000006c5c00000,0x00000006c5c33020,0x00000006c6180000)
 Metaspace       used 5076K, capacity 6348K, committed 6656K, reserved 1056768K
  class space    used 616K, capacity 648K, committed 768K, reserved 1048576K
Event: 0.224 GC heap after
Heap after GC invocations=3 (full 0):
 PSYoungGen      total 3584K, used 480K [0x000000076c980000, 0x000000076d080000, 0x00000007c0000000)
  eden space 3072K, 0% used [0x000000076c980000,0x000000076c980000,0x000000076cc80000)
  from space 512K, 93% used [0x000000076cc80000,0x000000076ccf8010,0x000000076cd00000)
  to   space 512K, 0% used [0x000000076d000000,0x000000076d000000,0x000000076d080000)
 ParOldGen       total 5632K, used 632K [0x00000006c5c00000, 0x00000006c6180000, 0x000000076c980000)
  object space 5632K, 11% used [0x00000006c5c00000,0x00000006c5c9e080,0x00000006c6180000)
 Metaspace       used 5076K, capacity 6348K, committed 6656K, reserved 1056768K
  class space    used 616K, capacity 648K, committed 768K, reserved 1048576K
}
Event: 0.277 GC heap before
{Heap before GC invocations=4 (full 0):
 PSYoungGen      total 3584K, used 3528K [0x000000076c980000, 0x000000076d080000, 0x00000007c0000000)
  eden space 3072K, 99% used [0x000000076c980000,0x000000076cc7a060,0x000000076cc80000)
  from space 512K, 93% used [0x000000076cc80000,0x000000076ccf8010,0x000000076cd00000)
  to   space 512K, 0% used [0x000000076d000000,0x000000076d000000,0x000000076d080000)
 ParOldGen       total 5632K, used 632K [0x00000006c5c00000, 0x00000006c6180000, 0x000000076c980000)
  object space 5632K, 11% used [0x00000006c5c00000,0x00000006c5c9e080,0x00000006c6180000)
 Metaspace       used 6189K, capacity 7372K, committed 7552K, reserved 1056768K
  class space    used 765K, capacity 776K, committed 896K, reserved 1048576K
Event: 0.278 GC heap after
Heap after GC invocations=4 (full 0):
 PSYoungGen      total 6656K, used 511K [0x000000076c980000, 0x000000076d080000, 0x00000007c0000000)
  eden space 6144K, 0% used [0x000000076c980000,0x000000076c980000,0x000000076cf80000)
  from space 512K, 99% used [0x000000076d000000,0x000000076d07fc20,0x000000076d080000)
  to   space 512K, 0% used [0x000000076cf80000,0x000000076cf80000,0x000000076d000000)
 ParOldGen       total 5632K, used 920K [0x00000006c5c00000, 0x00000006c6180000, 0x000000076c980000)
  object space 5632K, 16% used [0x00000006c5c00000,0x00000006c5ce6080,0x00000006c6180000)
 Metaspace       used 6189K, capacity 7372K, committed 7552K, reserved 1056768K
  class space    used 765K, capacity 776K, committed 896K, reserved 1048576K
}
Event: 0.339 GC heap before
{Heap before GC invocations=5 (full 0):
 PSYoungGen      total 6656K, used 6655K [0x000000076c980000, 0x000000076d080000, 0x00000007c0000000)
  eden space 6144K, 100% used [0x000000076c980000,0x000000076cf80000,0x000000076cf80000)
  from space 512K, 99% used [0x000000076d000000,0x000000076d07fc20,0x000000076d080000)
  to   space 512K, 0% used [0x000000076cf80000,0x000000076cf80000,0x000000076d000000)
 ParOldGen       total 5632K, used 920K [0x00000006c5c00000, 0x00000006c6180000, 0x000000076c980000)
  object space 5632K, 16% used [0x00000006c5c00000,0x00000006c5ce6080,0x00000006c6180000)
 Metaspace       used 7222K, capacity 8148K, committed 8448K, reserved 1056768K
  class space    used 876K, capacity 912K, committed 1024K, reserved 1048576K
Event: 0.341 GC heap after
Heap after GC invocations=5 (full 0):
 PSYoungGen      total 6656K, used 496K [0x000000076c980000, 0x000000076dc80000, 0x00000007c0000000)
  eden space 6144K, 0% used [0x000000076c980000,0x000000076c980000,0x000000076cf80000)
  from space 512K, 96% used [0x000000076cf80000,0x000000076cffc020,0x000000076d000000)
  to   space 3584K, 0% used [0x000000076d900000,0x000000076d900000,0x000000076dc80000)
 ParOldGen       total 5632K, used 4866K [0x00000006c5c00000, 0x00000006c6180000, 0x000000076c980000)
  object space 5632K, 86% used [0x00000006c5c00000,0x00000006c60c0ab8,0x00000006c6180000)
 Metaspace       used 7222K, capacity 8148K, committed 8448K, reserved 1056768K
  class space    used 876K, capacity 912K, committed 1024K, reserved 1048576K
}
Event: 0.341 GC heap before
{Heap before GC invocations=6 (full 1):
 PSYoungGen      total 6656K, used 496K [0x000000076c980000, 0x000000076dc80000, 0x00000007c0000000)
  eden space 6144K, 0% used [0x000000076c980000,0x000000076c980000,0x000000076cf80000)
  from space 512K, 96% used [0x000000076cf80000,0x000000076cffc020,0x000000076d000000)
  to   space 3584K, 0% used [0x000000076d900000,0x000000076d900000,0x000000076dc80000)
 ParOldGen       total 5632K, used 4866K [0x00000006c5c00000, 0x00000006c6180000, 0x000000076c980000)
  object space 5632K, 86% used [0x00000006c5c00000,0x00000006c60c0ab8,0x00000006c6180000)
 Metaspace       used 7222K, capacity 8148K, committed 8448K, reserved 1056768K
  class space    used 876K, capacity 912K, committed 1024K, reserved 1048576K

