# JRE version: Java(TM) SE Runtime Environment (8.0_121-b13) (build 1.8.0_121-b13)
# Java VM: Java HotSpot(TM) 64-Bit Server VM (25.121-b13 mixed mode linux-amd64 compressed oops)
Heap:
 PSYoungGen      total 12288K, used 11972K [0x000000076c980000, 0x000000076dc00000, 0x00000007c0000000)
  eden space 9216K, 100% used [0x000000076c980000,0x000000076d280000,0x000000076d280000)
  from space 3072K, 89% used [0x000000076d900000,0x000000076dbb1128,0x000000076dc00000)
  to   space 4096K, 90% used [0x000000076d400000,0x000000076d7a1148,0x000000076d800000)
 ParOldGen       total 11264K, used 5198K [0x00000006c5c00000, 0x00000006c6700000, 0x000000076c980000)
  object space 11264K, 46% used [0x00000006c5c00000,0x00000006c6113818,0x00000006c6700000)
 Metaspace       used 7729K, capacity 8500K, committed 8704K, reserved 1056768K
  class space    used 926K, capacity 944K, committed 1024K, reserved 1048576K
GC Heap History (10 events):
Event: 0.197 GC heap after
Heap after GC invocations=3 (full 0):
 PSYoungGen      total 3584K, used 512K [0x000000076c980000, 0x000000076d080000, 0x00000007c0000000)
  eden space 3072K, 0% used [0x000000076c980000,0x000000076c980000,0x000000076cc80000)
  from space 512K, 100% used [0x000000076cc80000,0x000000076cd00000,0x000000076cd00000)
  to   space 512K, 0% used [0x000000076d000000,0x000000076d000000,0x000000076d080000)
 ParOldGen       total 5632K, used 540K [0x00000006c5c00000, 0x00000006c6180000, 0x000000076c980000)
  object space 5632K, 9% used [0x00000006c5c00000,0x00000006c5c87040,0x00000006c6180000)
 Metaspace       used 5070K, capacity 6348K, committed 6656K, reserved 1056768K
  class space    used 616K, capacity 648K, committed 768K, reserved 1048576K
}
Event: 0.240 GC heap before
{Heap before GC invocations=4 (full 0):
 PSYoungGen      total 3584K, used 3560K [0x000000076c980000, 0x000000076d080000, 0x00000007c0000000)
  eden space 3072K, 99% used [0x000000076c980000,0x000000076cc7a060,0x000000076cc80000)
  from space 512K, 100% used [0x000000076cc80000,0x000000076cd00000,0x000000076cd00000)
  to   space 512K, 0% used [0x000000076d000000,0x000000076d000000,0x000000076d080000)
 ParOldGen       total 5632K, used 540K [0x00000006c5c00000, 0x00000006c6180000, 0x000000076c980000)
  object space 5632K, 9% used [0x00000006c5c00000,0x00000006c5c87040,0x00000006c6180000)
 Metaspace       used 6189K, capacity 7372K, committed 7552K, reserved 1056768K
  class space    used 765K, capacity 776K, committed 896K, reserved 1048576K
Event: 0.241 GC heap after
Heap after GC invocations=4 (full 0):
 PSYoungGen      total 6656K, used 496K [0x000000076c980000, 0x000000076d080000, 0x00000007c0000000)
  eden space 6144K, 0% used [0x000000076c980000,0x000000076c980000,0x000000076cf80000)
  from space 512K, 96% used [0x000000076d000000,0x000000076d07c010,0x000000076d080000)
  to   space 512K, 0% used [0x000000076cf80000,0x000000076cf80000,0x000000076d000000)
 ParOldGen       total 5632K, used 903K [0x00000006c5c00000, 0x00000006c6180000, 0x000000076c980000)
  object space 5632K, 16% used [0x00000006c5c00000,0x00000006c5ce1c90,0x00000006c6180000)
 Metaspace       used 6189K, capacity 7372K, committed 7552K, reserved 1056768K
  class space    used 765K, capacity 776K, committed 896K, reserved 1048576K
}
Event: 0.300 GC heap before
{Heap before GC invocations=5 (full 0):
 PSYoungGen      total 6656K, used 6640K [0x000000076c980000, 0x000000076d080000, 0x00000007c0000000)
  eden space 6144K, 100% used [0x000000076c980000,0x000000076cf80000,0x000000076cf80000)
  from space 512K, 96% used [0x000000076d000000,0x000000076d07c010,0x000000076d080000)
  to   space 512K, 0% used [0x000000076cf80000,0x000000076cf80000,0x000000076d000000)
 ParOldGen       total 5632K, used 903K [0x00000006c5c00000, 0x00000006c6180000, 0x000000076c980000)
  object space 5632K, 16% used [0x00000006c5c00000,0x00000006c5ce1c90,0x00000006c6180000)
 Metaspace       used 7226K, capacity 8148K, committed 8448K, reserved 1056768K
  class space    used 876K, capacity 912K, committed 1024K, reserved 1048576K
Event: 0.302 GC heap after
Heap after GC invocations=5 (full 0):
 PSYoungGen      total 6656K, used 512K [0x000000076c980000, 0x000000076dc80000, 0x00000007c0000000)
  eden space 6144K, 0% used [0x000000076c980000,0x000000076c980000,0x000000076cf80000)
  from space 512K, 100% used [0x000000076cf80000,0x000000076d000000,0x000000076d000000)
  to   space 3584K, 0% used [0x000000076d900000,0x000000076d900000,0x000000076dc80000)
 ParOldGen       total 5632K, used 4874K [0x00000006c5c00000, 0x00000006c6180000, 0x000000076c980000)
  object space 5632K, 86% used [0x00000006c5c00000,0x00000006c60c2be8,0x00000006c6180000)
 Metaspace       used 7226K, capacity 8148K, committed 8448K, reserved 1056768K
  class space    used 876K, capacity 912K, committed 1024K, reserved 1048576K
}
Event: 0.302 GC heap before
{Heap before GC invocations=6 (full 1):
 PSYoungGen      total 6656K, used 512K [0x000000076c980000, 0x000000076dc80000, 0x00000007c0000000)
  eden space 6144K, 0% used [0x000000076c980000,0x000000076c980000,0x000000076cf80000)
  from space 512K, 100% used [0x000000076cf80000,0x000000076d000000,0x000000076d000000)
  to   space 3584K, 0% used [0x000000076d900000,0x000000076d900000,0x000000076dc80000)
 ParOldGen       total 5632K, used 4874K [0x00000006c5c00000, 0x00000006c6180000, 0x000000076c980000)
  object space 5632K, 86% used [0x00000006c5c00000,0x00000006c60c2be8,0x00000006c6180000)
 Metaspace       used 7226K, capacity 8148K, committed 8448K, reserved 1056768K
  class space    used 876K, capacity 912K, committed 1024K, reserved 1048576K
Event: 0.323 GC heap after
Heap after GC invocations=6 (full 1):
 PSYoungGen      total 6656K, used 0K [0x000000076c980000, 0x000000076dc80000, 0x00000007c0000000)
  eden space 6144K, 0% used [0x000000076c980000,0x000000076c980000,0x000000076cf80000)
  from space 512K, 0% used [0x000000076cf80000,0x000000076cf80000,0x000000076d000000)
  to   space 3584K, 0% used [0x000000076d900000,0x000000076d900000,0x000000076dc80000)
 ParOldGen       total 11264K, used 5198K [0x00000006c5c00000, 0x00000006c6700000, 0x000000076c980000)
  object space 11264K, 46% used [0x00000006c5c00000,0x00000006c6113818,0x00000006c6700000)
 Metaspace       used 7226K, capacity 8148K, committed 8448K, reserved 1056768K
  class space    used 876K, capacity 912K, committed 1024K, reserved 1048576K
}
Event: 0.363 GC heap before
{Heap before GC invocations=7 (full 1):
 PSYoungGen      total 6656K, used 6144K [0x000000076c980000, 0x000000076dc80000, 0x00000007c0000000)
  eden space 6144K, 100% used [0x000000076c980000,0x000000076cf80000,0x000000076cf80000)
  from space 512K, 0% used [0x000000076cf80000,0x000000076cf80000,0x000000076d000000)
  to   space 3584K, 0% used [0x000000076d900000,0x000000076d900000,0x000000076dc80000)
 ParOldGen       total 11264K, used 5198K [0x00000006c5c00000, 0x00000006c6700000, 0x000000076c980000)
  object space 11264K, 46% used [0x00000006c5c00000,0x00000006c6113818,0x00000006c6700000)
 Metaspace       used 7343K, capacity 8244K, committed 8448K, reserved 1056768K
  class space    used 884K, capacity 944K, committed 1024K, reserved 1048576K
Event: 0.371 GC heap after
Heap after GC invocations=7 (full 1):
 PSYoungGen      total 12288K, used 2756K [0x000000076c980000, 0x000000076dc00000, 0x00000007c0000000)
  eden space 9216K, 0% used [0x000000076c980000,0x000000076c980000,0x000000076d280000)
  from space 3072K, 89% used [0x000000076d900000,0x000000076dbb1128,0x000000076dc00000)
  to   space 4096K, 0% used [0x000000076d400000,0x000000076d400000,0x000000076d800000)
 ParOldGen       total 11264K, used 5198K [0x00000006c5c00000, 0x00000006c6700000, 0x000000076c980000)
  object space 11264K, 46% used [0x00000006c5c00000,0x00000006c6113818,0x00000006c6700000)
 Metaspace       used 7343K, capacity 8244K, committed 8448K, reserved 1056768K
  class space    used 884K, capacity 944K, committed 1024K, reserved 1048576K
}
Event: 0.417 GC heap before
{Heap before GC invocations=8 (full 1):
 PSYoungGen      total 12288K, used 11972K [0x000000076c980000, 0x000000076dc00000, 0x00000007c0000000)
  eden space 9216K, 100% used [0x000000076c980000,0x000000076d280000,0x000000076d280000)
  from space 3072K, 89% used [0x000000076d900000,0x000000076dbb1128,0x000000076dc00000)
  to   space 4096K, 0% used [0x000000076d400000,0x000000076d400000,0x000000076d800000)
 ParOldGen       total 11264K, used 5198K [0x00000006c5c00000, 0x00000006c6700000, 0x000000076c980000)
  object space 11264K, 46% used [0x00000006c5c00000,0x00000006c6113818,0x00000006c6700000)
 Metaspace       used 7729K, capacity 8500K, committed 8704K, reserved 1056768K
  class space    used 926K, capacity 944K, committed 1024K, reserved 1048576K

