# JRE version: Java(TM) SE Runtime Environment (8.0_121-b13) (build 1.8.0_121-b13)
# Java VM: Java HotSpot(TM) 64-Bit Server VM (25.121-b13 mixed mode linux-amd64 compressed oops)
Heap:
 PSYoungGen      total 6656K, used 6640K [0x000000076c980000, 0x000000076d080000, 0x00000007c0000000)
  eden space 6144K, 100% used [0x000000076c980000,0x000000076cf80000,0x000000076cf80000)
  from space 512K, 96% used [0x000000076d000000,0x000000076d07c020,0x000000076d080000)
  to   space 512K, 94% used [0x000000076cf80000,0x000000076cff9030,0x000000076d000000)
 ParOldGen       total 5632K, used 4921K [0x00000006c5c00000, 0x00000006c6180000, 0x000000076c980000)
  object space 5632K, 87% used [0x00000006c5c00000,0x00000006c60ce670,0x00000006c6180000)
 Metaspace       used 7220K, capacity 8148K, committed 8448K, reserved 1056768K
  class space    used 876K, capacity 912K, committed 1024K, reserved 1048576K
GC Heap History (9 events):
Event: 0.119 GC heap before
{Heap before GC invocations=1 (full 0):
 PSYoungGen      total 2048K, used 1497K [0x000000076c980000, 0x000000076cc00000, 0x00000007c0000000)
  eden space 1536K, 97% used [0x000000076c980000,0x000000076caf64f0,0x000000076cb00000)
  from space 512K, 0% used [0x000000076cb80000,0x000000076cb80000,0x000000076cc00000)
  to   space 512K, 0% used [0x000000076cb00000,0x000000076cb00000,0x000000076cb80000)
 ParOldGen       total 5632K, used 0K [0x00000006c5c00000, 0x00000006c6180000, 0x000000076c980000)
  object space 5632K, 0% used [0x00000006c5c00000,0x00000006c5c00000,0x00000006c6180000)
 Metaspace       used 3375K, capacity 4812K, committed 5120K, reserved 1056768K
  class space    used 390K, capacity 456K, committed 512K, reserved 1048576K
Event: 0.122 GC heap after
Heap after GC invocations=1 (full 0):
 PSYoungGen      total 2048K, used 512K [0x000000076c980000, 0x000000076cd80000, 0x00000007c0000000)
  eden space 1536K, 0% used [0x000000076c980000,0x000000076c980000,0x000000076cb00000)
  from space 512K, 100% used [0x000000076cb00000,0x000000076cb80000,0x000000076cb80000)
  to   space 512K, 0% used [0x000000076cd00000,0x000000076cd00000,0x000000076cd80000)
 ParOldGen       total 5632K, used 16K [0x00000006c5c00000, 0x00000006c6180000, 0x000000076c980000)
  object space 5632K, 0% used [0x00000006c5c00000,0x00000006c5c04000,0x00000006c6180000)
 Metaspace       used 3375K, capacity 4812K, committed 5120K, reserved 1056768K
  class space    used 390K, capacity 456K, committed 512K, reserved 1048576K
}
Event: 0.148 GC heap before
{Heap before GC invocations=2 (full 0):
 PSYoungGen      total 2048K, used 1936K [0x000000076c980000, 0x000000076cd80000, 0x00000007c0000000)
  eden space 1536K, 92% used [0x000000076c980000,0x000000076cae42a8,0x000000076cb00000)
  from space 512K, 100% used [0x000000076cb00000,0x000000076cb80000,0x000000076cb80000)
  to   space 512K, 0% used [0x000000076cd00000,0x000000076cd00000,0x000000076cd80000)
 ParOldGen       total 5632K, used 16K [0x00000006c5c00000, 0x00000006c6180000, 0x000000076c980000)
  object space 5632K, 0% used [0x00000006c5c00000,0x00000006c5c04000,0x00000006c6180000)
 Metaspace       used 3991K, capacity 5324K, committed 5504K, reserved 1056768K
  class space    used 473K, capacity 520K, committed 640K, reserved 1048576K
Event: 0.149 GC heap after
Heap after GC invocations=2 (full 0):
 PSYoungGen      total 3584K, used 480K [0x000000076c980000, 0x000000076cd80000, 0x00000007c0000000)
  eden space 3072K, 0% used [0x000000076c980000,0x000000076c980000,0x000000076cc80000)
  from space 512K, 93% used [0x000000076cd00000,0x000000076cd78030,0x000000076cd80000)
  to   space 512K, 0% used [0x000000076cc80000,0x000000076cc80000,0x000000076cd00000)
 ParOldGen       total 5632K, used 204K [0x00000006c5c00000, 0x00000006c6180000, 0x000000076c980000)
  object space 5632K, 3% used [0x00000006c5c00000,0x00000006c5c33010,0x00000006c6180000)
 Metaspace       used 3991K, capacity 5324K, committed 5504K, reserved 1056768K
  class space    used 473K, capacity 520K, committed 640K, reserved 1048576K
}
Event: 0.194 GC heap before
{Heap before GC invocations=3 (full 0):
 PSYoungGen      total 3584K, used 3552K [0x000000076c980000, 0x000000076cd80000, 0x00000007c0000000)
  eden space 3072K, 100% used [0x000000076c980000,0x000000076cc80000,0x000000076cc80000)
  from space 512K, 93% used [0x000000076cd00000,0x000000076cd78030,0x000000076cd80000)
  to   space 512K, 0% used [0x000000076cc80000,0x000000076cc80000,0x000000076cd00000)
 ParOldGen       total 5632K, used 204K [0x00000006c5c00000, 0x00000006c6180000, 0x000000076c980000)
  object space 5632K, 3% used [0x00000006c5c00000,0x00000006c5c33010,0x00000006c6180000)
 Metaspace       used 5071K, capacity 6348K, committed 6656K, reserved 1056768K
  class space    used 616K, capacity 648K, committed 768K, reserved 1048576K
Event: 0.195 GC heap after
Heap after GC invocations=3 (full 0):
 PSYoungGen      total 3584K, used 480K [0x000000076c980000, 0x000000076d080000, 0x00000007c0000000)
  eden space 3072K, 0% used [0x000000076c980000,0x000000076c980000,0x000000076cc80000)
  from space 512K, 93% used [0x000000076cc80000,0x000000076ccf8030,0x000000076cd00000)
  to   space 512K, 0% used [0x000000076d000000,0x000000076d000000,0x000000076d080000)
 ParOldGen       total 5632K, used 604K [0x00000006c5c00000, 0x00000006c6180000, 0x000000076c980000)
  object space 5632K, 10% used [0x00000006c5c00000,0x00000006c5c97020,0x00000006c6180000)
 Metaspace       used 5071K, capacity 6348K, committed 6656K, reserved 1056768K
  class space    used 616K, capacity 648K, committed 768K, reserved 1048576K
}
Event: 0.244 GC heap before
{Heap before GC invocations=4 (full 0):
 PSYoungGen      total 3584K, used 3531K [0x000000076c980000, 0x000000076d080000, 0x00000007c0000000)
  eden space 3072K, 99% used [0x000000076c980000,0x000000076cc7adb8,0x000000076cc80000)
  from space 512K, 93% used [0x000000076cc80000,0x000000076ccf8030,0x000000076cd00000)
  to   space 512K, 0% used [0x000000076d000000,0x000000076d000000,0x000000076d080000)
 ParOldGen       total 5632K, used 604K [0x00000006c5c00000, 0x00000006c6180000, 0x000000076c980000)
  object space 5632K, 10% used [0x00000006c5c00000,0x00000006c5c97020,0x00000006c6180000)
 Metaspace       used 6188K, capacity 7372K, committed 7552K, reserved 1056768K
  class space    used 765K, capacity 776K, committed 896K, reserved 1048576K
Event: 0.245 GC heap after
Heap after GC invocations=4 (full 0):
 PSYoungGen      total 6656K, used 496K [0x000000076c980000, 0x000000076d080000, 0x00000007c0000000)
  eden space 6144K, 0% used [0x000000076c980000,0x000000076c980000,0x000000076cf80000)
  from space 512K, 96% used [0x000000076d000000,0x000000076d07c020,0x000000076d080000)
  to   space 512K, 0% used [0x000000076cf80000,0x000000076cf80000,0x000000076d000000)
 ParOldGen       total 5632K, used 951K [0x00000006c5c00000, 0x00000006c6180000, 0x000000076c980000)
  object space 5632K, 16% used [0x00000006c5c00000,0x00000006c5cedf48,0x00000006c6180000)
 Metaspace       used 6188K, capacity 7372K, committed 7552K, reserved 1056768K
  class space    used 765K, capacity 776K, committed 896K, reserved 1048576K
}
Event: 0.304 GC heap before
{Heap before GC invocations=5 (full 0):
 PSYoungGen      total 6656K, used 6640K [0x000000076c980000, 0x000000076d080000, 0x00000007c0000000)
  eden space 6144K, 100% used [0x000000076c980000,0x000000076cf80000,0x000000076cf80000)
  from space 512K, 96% used [0x000000076d000000,0x000000076d07c020,0x000000076d080000)
  to   space 512K, 0% used [0x000000076cf80000,0x000000076cf80000,0x000000076d000000)
 ParOldGen       total 5632K, used 951K [0x00000006c5c00000, 0x00000006c6180000, 0x000000076c980000)
  object space 5632K, 16% used [0x00000006c5c00000,0x00000006c5cedf48,0x00000006c6180000)
 Metaspace       used 7220K, capacity 8148K, committed 8448K, reserved 1056768K
  class space    used 876K, capacity 912K, committed 1024K, reserved 1048576K

